{
  "stats": {
    "suites": 1,
    "tests": 2,
    "passes": 2,
    "pending": 0,
    "failures": 0,
    "start": "2020-07-23T12:20:58.503Z",
    "end": "2020-07-23T12:20:58.503Z",
    "duration": 15975,
    "testsRegistered": 2,
    "passPercent": 100,
    "pendingPercent": 0,
    "other": 0,
    "hasOther": false,
    "skipped": 0,
    "hasSkipped": false
  },
  "results": [
    {
      "uuid": "ff2e6098-55ed-4c43-9232-2b33e584d79e",
      "title": "",
      "fullFile": "cypress\\integration\\authentification.spec.js",
      "file": "cypress\\integration\\authentification.spec.js",
      "beforeHooks": [],
      "afterHooks": [],
      "tests": [],
      "suites": [
        {
          "uuid": "59a9c40b-3e0a-472d-9395-df61711fe99b",
          "title": "Authentification réussie",
          "fullFile": "",
          "file": "",
          "beforeHooks": [],
          "afterHooks": [],
          "tests": [
            {
              "title": "On se connecte et on entre les bonnes infos",
              "fullTitle": "Authentification réussie On se connecte et on entre les bonnes infos",
              "timedOut": null,
              "duration": 9981,
              "state": "passed",
              "speed": "slow",
              "pass": true,
              "fail": false,
              "pending": false,
              "context": null,
              "code": "cy.visit(\"https://www.backmarket.fr\");\ncy.get('a[href*=\"register\"]').click();\ncy.wait(3000);\ncy.get('input[id=\"email-signin\"]').type('modestefortune@hotmail.fr');\ncy.get('input[data-test=\"input-field-input\"]').first().type('WCSforever13');\ncy.get('[data-test=submit-button-login]').click();\ncy.get('.vdiN-eiE8V54yQfNIbc7f').should('contain', 'Mes commandes');",
              "err": {},
              "uuid": "2467ac69-c6e4-4522-af31-2d255bb8fd93",
              "parentUUID": "59a9c40b-3e0a-472d-9395-df61711fe99b",
              "isHook": false,
              "skipped": false
            }
          ],
          "suites": [],
          "passes": [
            "2467ac69-c6e4-4522-af31-2d255bb8fd93"
          ],
          "failures": [],
          "pending": [],
          "skipped": [],
          "duration": 9981,
          "root": false,
          "rootEmpty": false,
          "_timeout": 2000
        },
        {
          "uuid": "c014f04a-a750-461d-99f3-427b686974ff",
          "title": "On se connecte mais les infos sont erronées",
          "fullFile": "",
          "file": "",
          "beforeHooks": [],
          "afterHooks": [],
          "tests": [
            {
              "title": "Login with wrong credentials",
              "fullTitle": "On se connecte mais les infos sont erronées Login with wrong credentials",
              "timedOut": null,
              "duration": 5994,
              "state": "passed",
              "speed": "slow",
              "pass": true,
              "fail": false,
              "pending": false,
              "context": null,
              "code": "cy.visit(\"https://www.backmarket.fr\");\ncy.get('a[href*=\"register\"]').click();\ncy.wait(3000);\ncy.get('input[id=\"email-signin\"]').type('grotesquefortune@laposte.net');\ncy.get('input[data-test=\"input-field-input\"]').first().type('WCSWCS');\ncy.get('[data-test=submit-button-login]').click();\ncy.get('[data-test=login-credential-error]').should('contain', 'Mauvaise combinaison email/mot de passe');",
              "err": {},
              "uuid": "b6ccea09-990e-408f-b681-501ca492a2c5",
              "parentUUID": "c014f04a-a750-461d-99f3-427b686974ff",
              "isHook": false,
              "skipped": false
            }
          ],
          "suites": [],
          "passes": [
            "b6ccea09-990e-408f-b681-501ca492a2c5"
          ],
          "failures": [],
          "pending": [],
          "skipped": [],
          "duration": 5994,
          "root": false,
          "rootEmpty": false,
          "_timeout": 2000
        }
      ],
      "passes": [],
      "failures": [],
      "pending": [],
      "skipped": [],
      "duration": 0,
      "root": true,
      "rootEmpty": true,
      "_timeout": 2000
    }
  ],
  "meta": {
    "mocha": {
      "version": "7.0.1"
    },
    "mochawesome": {
      "options": {
        "quiet": false,
        "reportFilename": "mochawesome",
        "saveHtml": false,
        "saveJson": true,
        "consoleReporter": "spec",
        "useInlineDiffs": false,
        "code": true
      },
      "version": "6.1.1"
    },
    "marge": {
      "options": {
        "reportDir": "cypress/results",
        "overwrite": false,
        "html": false,
        "json": true
      },
      "version": "5.1.0"
    }
  }
}